{"C:\\Users\\Neyaz\\Desktop\\Namaste React\\Third_lect\\Components\\Contact.js": {"path":"C:\\Users\\Neyaz\\Desktop\\Namaste React\\Third_lect\\Components\\Contact.js","statementMap":{"0":{"start":{"line":2,"column":16},"end":{"line":8,"column":1}},"1":{"start":{"line":3,"column":4},"end":{"line":7,"column":11}}},"fnMap":{"0":{"name":"(anonymous_0)","decl":{"start":{"line":2,"column":16},"end":{"line":2,"column":17}},"loc":{"start":{"line":2,"column":22},"end":{"line":8,"column":1}},"line":2}},"branchMap":{},"s":{"0":1,"1":1},"f":{"0":1},"b":{},"_coverageSchema":"1a1c01bbd47fc00a2c39e90264f33305004495a9","hash":"55db70c1b6ed34abe57ca26fd6f45d38babad71e"}
}
